/**
 * Created by gaojun-pd on 2017/6/27.
 */
[2017-06-27 17:56:11.903] [INFO] mongodb - [32m\mworkspace\NodeJS\mven\cpt\db\mongodb.js: [E:\mworkspace\NodeJS\mven\logs\mongodb.log] [9432] [39mtest1
[2017-06-27 17:56:11.908] [WARN] mongodb - [33m\mworkspace\NodeJS\mven\cpt\db\mongodb.js: [E:\mworkspace\NodeJS\mven\logs\mongodb.log] [9432] [39mtest2
[2017-06-27 17:56:11.908] [ERROR] mongodb - [31m\mworkspace\NodeJS\mven\cpt\db\mongodb.js: [E:\mworkspace\NodeJS\mven\logs\mongodb.log] [9432] [39mtest3
[2017-06-27 17:56:11.935] [INFO] mongodb - [32m\mworkspace\NodeJS\mven\cpt\db\mongodb.js: [E:\mworkspace\NodeJS\mven\logs\mongodb.log] [9432] [39mDatabase connection success
[2017-06-27 17:59:51.031] [INFO] mongodb - [32m\mworkspace\NodeJS\mven\cpt\db\mongodb.js: [] [6336] [39mtest1
[2017-06-27 17:59:51.034] [WARN] mongodb - [33m\mworkspace\NodeJS\mven\cpt\db\mongodb.js: [] [6336] [39mtest2
[2017-06-27 17:59:51.034] [ERROR] mongodb - [31m\mworkspace\NodeJS\mven\cpt\db\mongodb.js: [] [6336] [39mtest3
[2017-06-27 17:59:51.059] [INFO] mongodb - [32m\mworkspace\NodeJS\mven\cpt\db\mongodb.js: [] [6336] [39mDatabase connection success
[2017-06-27 18:00:14.240] [INFO] mongodb - [32m\mworkspace\NodeJS\mven\cpt\db\mongodb.js: [  ] [10836] [39mtest1
[2017-06-27 18:00:14.247] [WARN] mongodb - [33m\mworkspace\NodeJS\mven\cpt\db\mongodb.js: [  ] [10836] [39mtest2
[2017-06-27 18:00:14.249] [ERROR] mongodb - [31m\mworkspace\NodeJS\mven\cpt\db\mongodb.js: [  ] [10836] [39mtest3
[2017-06-27 18:00:14.295] [INFO] mongodb - [32m\mworkspace\NodeJS\mven\cpt\db\mongodb.js: [  ] [10836] [39mDatabase connection success
[2017-06-27 18:05:01.161] [INFO] mongodb - [32m\mworkspace\NodeJS\mven\cpt\db\mongodb.js: [  ] [8844] [39mtest1
[2017-06-27 18:05:01.199] [INFO] mongodb - [32m\mworkspace\NodeJS\mven\cpt\db\mongodb.js: [  ] [8844] [39mDatabase connection success
[2017-06-27 18:05:16.315] [INFO] mongodb - [32m[  ] [9584] [39mDatabase connection success
[2017-06-27 18:05:34.352] [INFO] mongodb - [32m\mworkspace\NodeJS\mven\cpt\db\mongodb.js: [  ] [9428] [39mDatabase connection success
[2017-06-27 18:05:57.283] [INFO] mongodb - [32m\mworkspace\NodeJS\mven\cpt\db\mongodb.js: [  ] [11088] [39m Database connection success
[2017-06-27 18:34:54.389] [INFO] mongodb - [32m\mworkspace\NodeJS\mven\cpt\db\mongodb.js: [  ] [9476] [39m Database connection success
[2017-06-27 18:35:52.097] [INFO] mongodb - [32m\mworkspace\NodeJS\mven\cpt\db\mongodb.js: [  ] [10864] [39m Database connection success
[2017-06-27 18:36:10.317] [INFO] mongodb - [32m\mworkspace\NodeJS\mven\cpt\db\mongodb.js: [  ] [8256] [39m Database connection success
[2017-06-27 18:38:17.526] [INFO] mongodb - [32m\mworkspace\NodeJS\mven\cpt\db\mongodb.js: [  ] [7848] [39m Database connection success
[2017-06-27 18:38:51.170] [INFO] mongodb - [32m\mworkspace\NodeJS\mven\cpt\db\mongodb.js: [  ] [10696] [39m Database connection success
[2017-06-27 19:08:10.102] [INFO] mongodb - [32m\mworkspace\NodeJS\mven\cpt\db\mongodb.js: [  ] [8068] [39m Database connection success
[2017-06-27 19:12:58.117] [INFO] mongodb - [32m\mworkspace\NodeJS\mven\cpt\db\mongodb.js: [  ] [12080] [39m Database connection success
[2017-06-27 19:15:15.385] [INFO] mongodb - [32m\mworkspace\NodeJS\mven\cpt\db\mongodb.js: [  ] [184] [39m Database connection success
[2017-06-27 19:16:26.638] [INFO] mongodb - [32m\mworkspace\NodeJS\mven\cpt\db\mongodb.js: [  ] [2184] [39m Database connection success
[2017-06-27 19:17:28.075] [INFO] mongodb - [32m\mworkspace\NodeJS\mven\cpt\db\mongodb.js: [  ] [10400] [39m Database connection success
[2017-06-27 19:17:45.953] [INFO] mongodb - [32m\mworkspace\NodeJS\mven\cpt\db\mongodb.js: [  ] [12996] [39m Database connection success
[2017-06-27 19:18:15.758] [INFO] mongodb - [32m\mworkspace\NodeJS\mven\cpt\db\mongodb.js: [  ] [13080] [39m Database connection success
[2017-06-27 19:18:27.296] [ERROR] mongodb - [31m\mworkspace\NodeJS\mven\cpt\db\mongodb.js: [  ] [13080] [39mMongoose disconnected
[2017-06-28 10:17:52.655] [INFO] mongodb - [32m\mworkspace\NodeJS\mven\cpt\db\mongodb.js: [  ] [8652] [39m Database connection success
[2017-06-28 10:43:55.987] [INFO] mongodb - [32m\mworkspace\NodeJS\mven\cpt\db\mongodb.js: [  ] [3732] [39m Database connection success
[2017-06-28 11:09:39.974] [INFO] mongodb - [32m\mworkspace\NodeJS\mven\cpt\db\mongodb.js: [  ] [9544] [39m Database connection success
[2017-06-28 11:11:08.386] [INFO] mongodb - [32m\mworkspace\NodeJS\mven\cpt\db\mongodb.js: [  ] [6332] [39m Database connection success
[2017-06-28 11:11:30.155] [INFO] mongodb - [32m\mworkspace\NodeJS\mven\cpt\db\mongodb.js: [  ] [6708] [39m Database connection success
[2017-06-28 11:11:57.326] [INFO] mongodb - [32m\mworkspace\NodeJS\mven\cpt\db\mongodb.js: [  ] [10480] [39m Database connection success
[2017-06-28 11:12:29.292] [INFO] mongodb - [32m\mworkspace\NodeJS\mven\cpt\db\mongodb.js: [  ] [9004] [39m Database connection success
[2017-06-28 11:12:44.117] [INFO] mongodb - [32m\mworkspace\NodeJS\mven\cpt\db\mongodb.js: [  ] [4424] [39m Database connection success
[2017-06-28 11:14:01.142] [INFO] mongodb - [32m\mworkspace\NodeJS\mven\cpt\db\mongodb.js: [  ] [7332] [39m Database connection success
[2017-06-28 11:20:37.327] [INFO] mongodb - [32m\mworkspace\NodeJS\mven\cpt\db\conn-mongodb.js: [  ] [10080] [39m Database connection success
[2017-06-28 11:21:17.467] [INFO] mongodb - [32m\mworkspace\NodeJS\mven\cpt\db\conn-mongodb.js: [  ] [9928] [39m Database connection success
[2017-06-28 11:33:42.555] [INFO] mongodb - [32m\mworkspace\NodeJS\mven\cpt\db\conn-mongodb.js: [  ] [10960] [39m Database connection success
[2017-06-28 11:34:21.475] [INFO] mongodb - [32m\mworkspace\NodeJS\mven\cpt\db\conn-mongodb.js: [  ] [10892] [39m Database connection success
[2017-06-28 11:41:11.421] [INFO] mongodb - [32m\mworkspace\NodeJS\mven\cpt\db\conn-mongodb.js: [  ] [6964] [39m Database connection success
[2017-06-28 11:41:49.417] [INFO] mongodb - [32m\mworkspace\NodeJS\mven\cpt\db\conn-mongodb.js: [  ] [10192] [39m Database connection success
[2017-06-28 11:41:51.512] [INFO] mongodb - [32m\mworkspace\NodeJS\mven\cpt\db\conn-mongodb.js: [  ] [10792] [39m Database connection success
[2017-06-28 11:43:23.175] [INFO] mongodb - [32m\mworkspace\NodeJS\mven\cpt\db\conn-mongodb.js: [  ] [10580] [39m Database connection success
[2017-06-28 11:43:27.058] [INFO] mongodb - [32m\mworkspace\NodeJS\mven\cpt\db\conn-mongodb.js: [  ] [3920] [39m Database connection success
[2017-06-28 11:43:43.745] [INFO] mongodb - [32m\mworkspace\NodeJS\mven\cpt\db\conn-mongodb.js: [  ] [3360] [39m Database connection success
[2017-06-28 11:43:58.374] [INFO] mongodb - [32m\mworkspace\NodeJS\mven\cpt\db\conn-mongodb.js: [  ] [10432] [39m Database connection success
[2017-06-28 11:45:47.666] [INFO] mongodb - [32m\mworkspace\NodeJS\mven\cpt\db\conn-mongodb.js: [  ] [3356] [39m Database connection success
[2017-06-28 11:47:55.650] [INFO] mongodb - [32m\mworkspace\NodeJS\mven\cpt\db\conn-mongodb.js: [  ] [4240] [39m Database connection success
[2017-06-28 11:48:20.409] [INFO] mongodb - [32m\mworkspace\NodeJS\mven\cpt\db\conn-mongodb.js: [  ] [8880] [39m Database connection success
[2017-06-28 17:14:04.483] [INFO] mongodb - [32m\mworkspace\NodeJS\mven\cpt\db\conn-mongodb.js: [  ] [6676] [39m Database connection success
[2017-06-28 17:14:16.739] [INFO] mongodb - [32m\mworkspace\NodeJS\mven\cpt\db\conn-mongodb.js: [  ] [296] [39m Database connection success
[2017-06-28 17:17:53.897] [INFO] mongodb - [32m\mworkspace\NodeJS\mven\cpt\db\conn-mongodb.js: [  ] [6860] [39m Database connection success
[2017-06-28 18:00:00.402] [INFO] mongodb - [32m\mworkspace\NodeJS\mven\cpt\db\conn-mongodb.js: [  ] [9136] [39m Database connection success
[2017-06-28 18:08:02.031] [INFO] mongodb - [32m\mworkspace\NodeJS\mven\cpt\db\conn-mongodb.js: [  ] [4464] [39m Database connection success
[2017-06-28 18:08:17.875] [INFO] mongodb - [32m\mworkspace\NodeJS\mven\cpt\db\conn-mongodb.js: [  ] [5060] [39m Database connection success
[2017-06-28 18:08:54.972] [INFO] mongodb - [32m\mworkspace\NodeJS\mven\cpt\db\conn-mongodb.js: [  ] [8644] [39m Database connection success
[2017-06-28 18:09:15.331] [INFO] mongodb - [32m\mworkspace\NodeJS\mven\cpt\db\conn-mongodb.js: [  ] [8196] [39m Database connection success
[2017-06-28 18:10:58.927] [INFO] mongodb - [32m\mworkspace\NodeJS\mven\cpt\db\conn-mongodb.js: [  ] [10188] [39m Database connection success
[2017-06-28 18:11:07.052] [INFO] mongodb - [32m\mworkspace\NodeJS\mven\cpt\db\conn-mongodb.js: [  ] [2168] [39m Database connection success
[2017-06-28 18:13:19.705] [INFO] mongodb - [32m\mworkspace\NodeJS\mven\cpt\db\conn-mongodb.js: [  ] [6860] [39m Database connection success
[2017-06-28 18:31:00.981] [INFO] mongodb - [32m\mworkspace\NodeJS\mven\cpt\db\conn-mongodb.js: [  ] [9348] [39m Database connection success
[2017-06-28 18:31:03.333] [INFO] mongodb - [32m\mworkspace\NodeJS\mven\cpt\db\conn-mongodb.js: [  ] [10128] [39m Database connection success
[2017-06-28 18:31:06.201] [INFO] mongodb - [32m\mworkspace\NodeJS\mven\cpt\db\conn-mongodb.js: [  ] [9364] [39m Database connection success
[2017-06-28 18:31:52.056] [INFO] mongodb - [32m\mworkspace\NodeJS\mven\cpt\db\conn-mongodb.js: [  ] [5852] [39m Database connection success
[2017-06-28 18:34:03.963] [INFO] mongodb - [32m\mworkspace\NodeJS\mven\cpt\db\conn-mongodb.js: [  ] [9260] [39m Database connection success
[2017-06-28 18:35:10.081] [INFO] mongodb - [32m\mworkspace\NodeJS\mven\cpt\db\conn-mongodb.js: [  ] [9624] [39m Database connection success
[2017-06-28 18:35:39.016] [INFO] mongodb - [32m\mworkspace\NodeJS\mven\cpt\db\conn-mongodb.js: [  ] [4472] [39m Database connection success
[2017-06-28 18:48:00.351] [INFO] mongodb - [32m\mworkspace\NodeJS\mven\cpt\db\conn-mongodb.js: [  ] [4428] [39m Database connection success
[2017-06-28 18:48:39.603] [INFO] mongodb - [32m\mworkspace\NodeJS\mven\cpt\db\conn-mongodb.js: [  ] [8196] [39m Database connection success
[2017-06-28 18:49:00.386] [INFO] mongodb - [32m\mworkspace\NodeJS\mven\cpt\db\conn-mongodb.js: [  ] [5264] [39m Database connection success
[2017-06-28 18:49:16.251] [INFO] mongodb - [32m\mworkspace\NodeJS\mven\cpt\db\conn-mongodb.js: [  ] [9040] [39m Database connection success
[2017-06-28 18:49:21.221] [INFO] mongodb - [32m\mworkspace\NodeJS\mven\cpt\db\conn-mongodb.js: [  ] [2812] [39m Database connection success
[2017-06-28 18:50:10.834] [INFO] mongodb - [32m\mworkspace\NodeJS\mven\cpt\db\conn-mongodb.js: [  ] [9396] [39m Database connection success
[2017-06-28 18:51:08.659] [INFO] mongodb - [32m\mworkspace\NodeJS\mven\cpt\db\conn-mongodb.js: [  ] [8240] [39m Database connection success
[2017-06-28 18:51:11.434] [INFO] mongodb - [32m\mworkspace\NodeJS\mven\cpt\db\conn-mongodb.js: [  ] [8768] [39m Database connection success
[2017-06-28 18:51:31.419] [INFO] mongodb - [32m\mworkspace\NodeJS\mven\cpt\db\conn-mongodb.js: [  ] [6160] [39m Database connection success
[2017-06-28 18:51:55.347] [INFO] mongodb - [32m\mworkspace\NodeJS\mven\cpt\db\conn-mongodb.js: [  ] [10648] [39m Database connection success
[2017-06-28 18:55:34.272] [INFO] mongodb - [32m\mworkspace\NodeJS\mven\cpt\db\conn-mongodb.js: [  ] [11120] [39m Database connection success
[2017-06-28 18:57:09.368] [INFO] mongodb - [32m\mworkspace\NodeJS\mven\cpt\db\conn-mongodb.js: [  ] [10384] [39m Database connection success
[2017-06-28 18:57:20.448] [INFO] mongodb - [32m\mworkspace\NodeJS\mven\cpt\db\conn-mongodb.js: [  ] [11204] [39m Database connection success
[2017-06-28 18:57:23.642] [INFO] mongodb - [32m\mworkspace\NodeJS\mven\cpt\db\conn-mongodb.js: [  ] [11004] [39m Database connection success
[2017-06-28 18:57:26.717] [INFO] mongodb - [32m\mworkspace\NodeJS\mven\cpt\db\conn-mongodb.js: [  ] [11072] [39m Database connection success
[2017-06-28 18:57:36.372] [INFO] mongodb - [32m\mworkspace\NodeJS\mven\cpt\db\conn-mongodb.js: [  ] [3388] [39m Database connection success
[2017-06-28 18:57:50.892] [INFO] mongodb - [32m\mworkspace\NodeJS\mven\cpt\db\conn-mongodb.js: [  ] [7160] [39m Database connection success
[2017-06-28 19:04:11.296] [INFO] mongodb - [32m\mworkspace\NodeJS\mven\cpt\db\conn-mongodb.js: [  ] [9772] [39m Database connection success
[2017-06-28 19:06:24.207] [INFO] mongodb - [32m\mworkspace\NodeJS\mven\cpt\db\conn-mongodb.js: [  ] [4188] [39m Database connection success
[2017-06-28 19:07:32.137] [INFO] mongodb - [32m\mworkspace\NodeJS\mven\cpt\db\conn-mongodb.js: [  ] [9040] [39m Database connection success
[2017-06-28 19:08:34.112] [INFO] mongodb - [32m\mworkspace\NodeJS\mven\cpt\db\conn-mongodb.js: [  ] [9308] [39m Database connection success
[2017-06-28 19:08:52.086] [INFO] mongodb - [32m\mworkspace\NodeJS\mven\cpt\db\conn-mongodb.js: [  ] [6256] [39m Database connection success
[2017-06-28 19:08:59.248] [INFO] mongodb - [32m\mworkspace\NodeJS\mven\cpt\db\conn-mongodb.js: [  ] [9624] [39m Database connection success
[2017-06-28 19:09:26.124] [INFO] mongodb - [32m\mworkspace\NodeJS\mven\cpt\db\conn-mongodb.js: [  ] [7412] [39m Database connection success
[2017-06-28 19:10:27.187] [INFO] mongodb - [32m\mworkspace\NodeJS\mven\cpt\db\conn-mongodb.js: [  ] [11180] [39m Database connection success
[2017-06-28 19:11:40.395] [INFO] mongodb - [32m\mworkspace\NodeJS\mven\cpt\db\conn-mongodb.js: [  ] [9312] [39m Database connection success
